Arguments: 
  C:\Program Files\nodejs\node.exe C:\Program Files (x86)\Yarn\bin\yarn.js

PATH: 
  C:\Windows\system32;C:\Windows;C:\Windows\System32\Wbem;C:\Windows\System32\WindowsPowerShell\v1.0\;C:\Windows\System32\OpenSSH\;C:\Program Files\Git\cmd;C:\Program Files\nodejs\;C:\Program Files (x86)\Yarn\bin\;C:\Program Files (x86)\NVIDIA Corporation\PhysX\Common;C:\Program Files\NVIDIA Corporation\NVIDIA NvDLISR;C:\Go\bin;C:\Program Files (x86)\Microsoft SQL Server\150\DTS\Binn\;C:\Program Files\Azure Data Studio\bin;C:\Program Files\Docker\Docker\resources\bin;C:\ProgramData\DockerDesktop\version-bin;C:\Users\abobo\AppData\Local\Programs\Python\Python39\Scripts\;C:\Users\abobo\AppData\Local\Programs\Python\Python39\;C:\Users\abobo\AppData\Local\Microsoft\WindowsApps;C:\Users\abobo\AppData\Roaming\npm;C:\Users\abobo\AppData\Local\Programs\Microsoft VS Code\bin;C:\Users\abobo\AppData\Local\Yarn\bin;C:\Users\abobo\go\bin;C:\Program Files\Azure Data Studio\bin

Yarn version: 
  1.22.5

Node version: 
  14.15.1

Platform: 
  win32 x64

Trace: 
  Error: 12776:error:1408F119:SSL routines:ssl3_get_record:decryption failed or bad record mac:c:\ws\deps\openssl\openssl\ssl\record\ssl3_record.c:677:

npm manifest: 
  {
    "name": "crm-front-react",
    "version": "1.0.0",
    "author": "XCritical Software",
    "license": "MIT",
    "private": true,
    "scripts": {
      "start:one": "npx lernify run start --scope @pkg/one --stream --",
      "start:two": "npx lernify run start --scope @pkg/two --stream --",
      "start:three": "npx lernify run start --scope @pkg/three --stream --",
      "build": "yarn lernify run build --scope @pkg/* --stream"
    },
    "workspaces": [
      "projects/*"
    ],
    "engines": {
      "node": ">=10.3.0",
      "yarn": ">= 1.0.0"
    },
    "devDependencies": {
      "@xcritical/webpack-conf": "3.1.3",
      "circular-dependency-plugin": "^5.0.2",
      "clean-webpack-plugin": "^2.0.0",
      "copy-webpack-plugin": "^5.0.4",
      "cross-env": "^5.2.0",
      "duplicate-package-checker-webpack-plugin": "^3.0.0",
      "lernify": "1.0.1",
      "rimraf": "^2.6.3",
      "webpack-bundle-analyzer": "^3.3.2"
    },
    "dependencies": {
      "@babel/polyfill": "^7.4.4",
      "@hot-loader/react-dom": "^16.8.6",
      "react": "^16.8.6",
      "react-dom": "^16.8.6"
    }
  }

yarn manifest: 
  No manifest

Lockfile: 
  No lockfile
